<?xml version="1.0" encoding="UTF-8"?>
<testng-results ignored="0" total="1" passed="1" failed="0" skipped="0">
  <reporter-output>
  </reporter-output>
  <suite started-at="2024-10-31T19:37:15 EDT" name="Default suite" finished-at="2024-10-31T19:37:17 EDT" duration-ms="2119">
    <groups>
    </groups>
    <test started-at="2024-10-31T19:37:15 EDT" name="Default test" finished-at="2024-10-31T19:37:17 EDT" duration-ms="2119">
      <class name="jayslabs.roche.tafdemo.test.StandAloneTest">
        <test-method is-config="true" signature="launchApplication()[pri:0, instance:jayslabs.roche.tafdemo.test.StandAloneTest@1165b38]" started-at="2024-10-31T19:37:15 EDT" name="launchApplication" finished-at="2024-10-31T19:37:16 EDT" duration-ms="1777" status="PASS">
          <reporter-output>
          </reporter-output>
        </test-method> <!-- launchApplication -->
        <test-method signature="launchHomePage()[pri:0, instance:jayslabs.roche.tafdemo.test.StandAloneTest@1165b38]" started-at="2024-10-31T19:37:16 EDT" name="launchHomePage" finished-at="2024-10-31T19:37:17 EDT" duration-ms="135" status="PASS">
          <reporter-output>
          </reporter-output>
        </test-method> <!-- launchHomePage -->
        <test-method is-config="true" signature="tearDown()[pri:0, instance:jayslabs.roche.tafdemo.test.StandAloneTest@1165b38]" started-at="2024-10-31T19:37:17 EDT" name="tearDown" finished-at="2024-10-31T19:37:17 EDT" duration-ms="174" status="PASS">
          <reporter-output>
          </reporter-output>
        </test-method> <!-- tearDown -->
      </class> <!-- jayslabs.roche.tafdemo.test.StandAloneTest -->
    </test> <!-- Default test -->
  </suite> <!-- Default suite -->
</testng-results>
